  collide.cpp
D:\git\cppRepos\collide\collide\collide.cpp(21,1): error C2027: use of undefined type 'Building'
D:\git\cppRepos\collide\collide\game_object.h(4): message : see declaration of 'Building'
D:\git\cppRepos\collide\collide\collide.cpp(21,1): error C2661: 'geo2d::Collide': no overloaded function takes 1 arguments
D:\git\cppRepos\collide\collide\collide.cpp(24,1): error C2027: use of undefined type 'Tower'
D:\git\cppRepos\collide\collide\game_object.h(5): message : see declaration of 'Tower'
D:\git\cppRepos\collide\collide\collide.cpp(24,1): error C2661: 'geo2d::Collide': no overloaded function takes 1 arguments
D:\git\cppRepos\collide\collide\collide.cpp(27,1): error C2027: use of undefined type 'Fence'
D:\git\cppRepos\collide\collide\game_object.h(6): message : see declaration of 'Fence'
D:\git\cppRepos\collide\collide\collide.cpp(27,1): error C2661: 'geo2d::Collide': no overloaded function takes 1 arguments
D:\git\cppRepos\collide\collide\collide.cpp(50,1): error C2027: use of undefined type 'Tower'
D:\git\cppRepos\collide\collide\game_object.h(5): message : see declaration of 'Tower'
D:\git\cppRepos\collide\collide\collide.cpp(50,1): error C2661: 'geo2d::Collide': no overloaded function takes 1 arguments
D:\git\cppRepos\collide\collide\collide.cpp(53,1): error C2027: use of undefined type 'Fence'
D:\git\cppRepos\collide\collide\game_object.h(6): message : see declaration of 'Fence'
D:\git\cppRepos\collide\collide\collide.cpp(53,1): error C2661: 'geo2d::Collide': no overloaded function takes 1 arguments
D:\git\cppRepos\collide\collide\collide.cpp(83,1): error C2027: use of undefined type 'Fence'
D:\git\cppRepos\collide\collide\game_object.h(6): message : see declaration of 'Fence'
D:\git\cppRepos\collide\collide\collide.cpp(83,1): error C2661: 'geo2d::Collide': no overloaded function takes 1 arguments
  geo2d.cpp
