  priority_collection_2.cpp
C:\Program Files (x86)\Microsoft Visual Studio\2019\Community\VC\Tools\MSVC\14.28.29333\include\xmemory(701,82): error C2280: "PriorityCollection<StringNonCopyable>::Node::Node(const PriorityCollection<StringNonCopyable>::Node &)": предпринята попытка ссылки на удаленную функцию
D:\git\cppRepos\priority_collection_2\priority_collection_2\priority_collection_2.cpp(16): message : в этом месте создано компилятором: "PriorityCollection<StringNonCopyable>::Node::Node"
D:\git\cppRepos\priority_collection_2\priority_collection_2\priority_collection_2.cpp(16,1): message : "PriorityCollection<StringNonCopyable>::Node::Node(const PriorityCollection<StringNonCopyable>::Node &)": функция неявно удалена, так как элемент данных вызывает удаленную или недоступную функцию "StringNonCopyable::StringNonCopyable(const StringNonCopyable &)".
D:\git\cppRepos\priority_collection_2\priority_collection_2\priority_collection_2.cpp(50,5): message : "StringNonCopyable::StringNonCopyable(const StringNonCopyable &)": функция явно удалена.
C:\Program Files (x86)\Microsoft Visual Studio\2019\Community\VC\Tools\MSVC\14.28.29333\include\list(585): message : выполняется компиляция ссылки на экземпляр шаблон функции "void std::_Default_allocator_traits<_Alloc>::construct<_Ty,const _Ty&>(_Alloc &,_Objty *const ,const _Ty &)"
          with
          [
              _Alloc=std::allocator<std::_List_node<PriorityCollection<StringNonCopyable>::Node,std::_Default_allocator_traits<std::allocator<PriorityCollection<StringNonCopyable>::Node>>::void_pointer>>,
              _Ty=PriorityCollection<StringNonCopyable>::Node,
              _Objty=PriorityCollection<StringNonCopyable>::Node
          ]
C:\Program Files (x86)\Microsoft Visual Studio\2019\Community\VC\Tools\MSVC\14.28.29333\include\list(587): message : выполняется компиляция ссылки на экземпляр шаблон функции "void std::_Default_allocator_traits<_Alloc>::construct<_Ty,const _Ty&>(_Alloc &,_Objty *const ,const _Ty &)"
          with
          [
              _Alloc=std::allocator<std::_List_node<PriorityCollection<StringNonCopyable>::Node,std::_Default_allocator_traits<std::allocator<PriorityCollection<StringNonCopyable>::Node>>::void_pointer>>,
              _Ty=PriorityCollection<StringNonCopyable>::Node,
              _Objty=PriorityCollection<StringNonCopyable>::Node
          ]
C:\Program Files (x86)\Microsoft Visual Studio\2019\Community\VC\Tools\MSVC\14.28.29333\include\list(1012): message : выполняется компиляция ссылки на экземпляр шаблон функции "std::_List_node_emplace_op2<std::allocator<std::_List_node<_Ty,std::_Default_allocator_traits<_Alloc>::void_pointer>>>::_List_node_emplace_op2<const _Ty&>(_Alnode &,const _Ty &)"
          with
          [
              _Ty=PriorityCollection<StringNonCopyable>::Node,
              _Alloc=std::allocator<PriorityCollection<StringNonCopyable>::Node>,
              _Alnode=std::allocator<std::_List_node<PriorityCollection<StringNonCopyable>::Node,std::_Default_allocator_traits<std::allocator<PriorityCollection<StringNonCopyable>::Node>>::void_pointer>>
          ]
C:\Program Files (x86)\Microsoft Visual Studio\2019\Community\VC\Tools\MSVC\14.28.29333\include\list(1018): message : выполняется компиляция ссылки на экземпляр шаблон функции "std::_List_node_emplace_op2<std::allocator<std::_List_node<_Ty,std::_Default_allocator_traits<_Alloc>::void_pointer>>>::_List_node_emplace_op2<const _Ty&>(_Alnode &,const _Ty &)"
          with
          [
              _Ty=PriorityCollection<StringNonCopyable>::Node,
              _Alloc=std::allocator<PriorityCollection<StringNonCopyable>::Node>,
              _Alnode=std::allocator<std::_List_node<PriorityCollection<StringNonCopyable>::Node,std::_Default_allocator_traits<std::allocator<PriorityCollection<StringNonCopyable>::Node>>::void_pointer>>
          ]
C:\Program Files (x86)\Microsoft Visual Studio\2019\Community\VC\Tools\MSVC\14.28.29333\include\list(1252): message : выполняется компиляция ссылки на экземпляр шаблон функции "std::_List_node<_Ty,std::_Default_allocator_traits<_Alloc>::void_pointer> *std::list<_Ty,_Alloc>::_Emplace<const _Ty&>(std::_List_node<_Ty,std::_Default_allocator_traits<_Alloc>::void_pointer> *const ,const _Ty &)"
          with
          [
              _Ty=PriorityCollection<StringNonCopyable>::Node,
              _Alloc=std::allocator<PriorityCollection<StringNonCopyable>::Node>
          ]
C:\Program Files (x86)\Microsoft Visual Studio\2019\Community\VC\Tools\MSVC\14.28.29333\include\list(1252): message : выполняется компиляция ссылки на экземпляр шаблон функции "std::_List_node<_Ty,std::_Default_allocator_traits<_Alloc>::void_pointer> *std::list<_Ty,_Alloc>::_Emplace<const _Ty&>(std::_List_node<_Ty,std::_Default_allocator_traits<_Alloc>::void_pointer> *const ,const _Ty &)"
          with
          [
              _Ty=PriorityCollection<StringNonCopyable>::Node,
              _Alloc=std::allocator<PriorityCollection<StringNonCopyable>::Node>
          ]
C:\Program Files (x86)\Microsoft Visual Studio\2019\Community\VC\Tools\MSVC\14.28.29333\include\list(1251): message : во время компиляции функции-члена класс шаблон "void std::list<PriorityCollection<StringNonCopyable>::Node,std::allocator<PriorityCollection<StringNonCopyable>::Node>>::push_back(const _Ty &)"
          with
          [
              _Ty=PriorityCollection<StringNonCopyable>::Node
          ]
D:\git\cppRepos\priority_collection_2\priority_collection_2\priority_collection_2.cpp(24): message : выполняется компиляция ссылки на экземпляр шаблон функции "void std::list<PriorityCollection<StringNonCopyable>::Node,std::allocator<PriorityCollection<StringNonCopyable>::Node>>::push_back(const _Ty &)"
          with
          [
              _Ty=PriorityCollection<StringNonCopyable>::Node
          ]
D:\git\cppRepos\priority_collection_2\priority_collection_2\priority_collection_2.cpp(18): message : выполняется компиляция ссылки на экземпляр класс шаблон функции "std::list<PriorityCollection<StringNonCopyable>::Node,std::allocator<PriorityCollection<StringNonCopyable>::Node>>"
D:\git\cppRepos\priority_collection_2\priority_collection_2\priority_collection_2.cpp(57): message : выполняется компиляция ссылки на экземпляр класс шаблон функции "PriorityCollection<StringNonCopyable>"
