  collide.cpp
D:\git\cppRepos\collide\collide\collide.cpp(45,53): error C2440: 'initializing': cannot convert from 'initializer list' to 'std::vector<std::shared_ptr<GameObject>,std::allocator<std::shared_ptr<GameObject>>>'
D:\git\cppRepos\collide\collide\collide.cpp(53,5): message : No constructor could take the source type, or constructor overload resolution was ambiguous
D:\git\cppRepos\collide\collide\collide.cpp(70,5): error C2665: 'geo2d::Collide': none of the 17 overloads could convert all the argument types
D:\git\cppRepos\collide\collide\collide.cpp(36,6): message : could be 'bool Collide(const GameObject &,const GameObject &)'
D:\git\cppRepos\collide\collide\geo2d.h(69,7): message : or       'bool geo2d::Collide(geo2d::Circle,geo2d::Circle)'
D:\git\cppRepos\collide\collide\geo2d.h(68,7): message : or       'bool geo2d::Collide(geo2d::Circle,geo2d::Segment)'
D:\git\cppRepos\collide\collide\geo2d.h(67,7): message : or       'bool geo2d::Collide(geo2d::Circle,geo2d::Rectangle)'
D:\git\cppRepos\collide\collide\geo2d.h(66,7): message : or       'bool geo2d::Collide(geo2d::Circle,geo2d::Point)'
D:\git\cppRepos\collide\collide\geo2d.h(65,7): message : or       'bool geo2d::Collide(geo2d::Segment,geo2d::Circle)'
D:\git\cppRepos\collide\collide\geo2d.h(64,7): message : or       'bool geo2d::Collide(geo2d::Segment,geo2d::Rectangle)'
D:\git\cppRepos\collide\collide\geo2d.h(63,7): message : or       'bool geo2d::Collide(geo2d::Segment,geo2d::Segment)'
D:\git\cppRepos\collide\collide\geo2d.h(62,7): message : or       'bool geo2d::Collide(geo2d::Segment,geo2d::Point)'
D:\git\cppRepos\collide\collide\geo2d.h(61,7): message : or       'bool geo2d::Collide(geo2d::Rectangle,geo2d::Circle)'
D:\git\cppRepos\collide\collide\geo2d.h(60,7): message : or       'bool geo2d::Collide(geo2d::Rectangle,geo2d::Rectangle)'
D:\git\cppRepos\collide\collide\geo2d.h(59,7): message : or       'bool geo2d::Collide(geo2d::Rectangle,geo2d::Segment)'
D:\git\cppRepos\collide\collide\geo2d.h(58,7): message : or       'bool geo2d::Collide(geo2d::Rectangle,geo2d::Point)'
D:\git\cppRepos\collide\collide\geo2d.h(57,7): message : or       'bool geo2d::Collide(geo2d::Point,geo2d::Circle)'
D:\git\cppRepos\collide\collide\geo2d.h(56,7): message : or       'bool geo2d::Collide(geo2d::Point,geo2d::Rectangle)'
D:\git\cppRepos\collide\collide\geo2d.h(55,7): message : or       'bool geo2d::Collide(geo2d::Point,geo2d::Segment)'
D:\git\cppRepos\collide\collide\geo2d.h(54,7): message : or       'bool geo2d::Collide(geo2d::Point,geo2d::Point)'
D:\git\cppRepos\collide\collide\collide.cpp(70,5): message : while trying to match the argument list '(_Ty2, _Ty2)'
          with
          [
              _Ty2=Building
          ]
          and
          [
              _Ty2=GameObject
          ]
D:\git\cppRepos\collide\collide\collide.cpp(71,5): error C2665: 'geo2d::Collide': none of the 17 overloads could convert all the argument types
D:\git\cppRepos\collide\collide\collide.cpp(36,6): message : could be 'bool Collide(const GameObject &,const GameObject &)'
D:\git\cppRepos\collide\collide\geo2d.h(69,7): message : or       'bool geo2d::Collide(geo2d::Circle,geo2d::Circle)'
D:\git\cppRepos\collide\collide\geo2d.h(68,7): message : or       'bool geo2d::Collide(geo2d::Circle,geo2d::Segment)'
D:\git\cppRepos\collide\collide\geo2d.h(67,7): message : or       'bool geo2d::Collide(geo2d::Circle,geo2d::Rectangle)'
D:\git\cppRepos\collide\collide\geo2d.h(66,7): message : or       'bool geo2d::Collide(geo2d::Circle,geo2d::Point)'
D:\git\cppRepos\collide\collide\geo2d.h(65,7): message : or       'bool geo2d::Collide(geo2d::Segment,geo2d::Circle)'
D:\git\cppRepos\collide\collide\geo2d.h(64,7): message : or       'bool geo2d::Collide(geo2d::Segment,geo2d::Rectangle)'
D:\git\cppRepos\collide\collide\geo2d.h(63,7): message : or       'bool geo2d::Collide(geo2d::Segment,geo2d::Segment)'
D:\git\cppRepos\collide\collide\geo2d.h(62,7): message : or       'bool geo2d::Collide(geo2d::Segment,geo2d::Point)'
D:\git\cppRepos\collide\collide\geo2d.h(61,7): message : or       'bool geo2d::Collide(geo2d::Rectangle,geo2d::Circle)'
D:\git\cppRepos\collide\collide\geo2d.h(60,7): message : or       'bool geo2d::Collide(geo2d::Rectangle,geo2d::Rectangle)'
D:\git\cppRepos\collide\collide\geo2d.h(59,7): message : or       'bool geo2d::Collide(geo2d::Rectangle,geo2d::Segment)'
D:\git\cppRepos\collide\collide\geo2d.h(58,7): message : or       'bool geo2d::Collide(geo2d::Rectangle,geo2d::Point)'
D:\git\cppRepos\collide\collide\geo2d.h(57,7): message : or       'bool geo2d::Collide(geo2d::Point,geo2d::Circle)'
D:\git\cppRepos\collide\collide\geo2d.h(56,7): message : or       'bool geo2d::Collide(geo2d::Point,geo2d::Rectangle)'
D:\git\cppRepos\collide\collide\geo2d.h(55,7): message : or       'bool geo2d::Collide(geo2d::Point,geo2d::Segment)'
D:\git\cppRepos\collide\collide\geo2d.h(54,7): message : or       'bool geo2d::Collide(geo2d::Point,geo2d::Point)'
D:\git\cppRepos\collide\collide\collide.cpp(71,5): message : while trying to match the argument list '(_Ty2, _Ty2)'
          with
          [
              _Ty2=Building
          ]
          and
          [
              _Ty2=GameObject
          ]
D:\git\cppRepos\collide\collide\collide.cpp(72,5): error C2665: 'geo2d::Collide': none of the 17 overloads could convert all the argument types
D:\git\cppRepos\collide\collide\collide.cpp(36,6): message : could be 'bool Collide(const GameObject &,const GameObject &)'
D:\git\cppRepos\collide\collide\geo2d.h(69,7): message : or       'bool geo2d::Collide(geo2d::Circle,geo2d::Circle)'
D:\git\cppRepos\collide\collide\geo2d.h(68,7): message : or       'bool geo2d::Collide(geo2d::Circle,geo2d::Segment)'
D:\git\cppRepos\collide\collide\geo2d.h(67,7): message : or       'bool geo2d::Collide(geo2d::Circle,geo2d::Rectangle)'
D:\git\cppRepos\collide\collide\geo2d.h(66,7): message : or       'bool geo2d::Collide(geo2d::Circle,geo2d::Point)'
D:\git\cppRepos\collide\collide\geo2d.h(65,7): message : or       'bool geo2d::Collide(geo2d::Segment,geo2d::Circle)'
D:\git\cppRepos\collide\collide\geo2d.h(64,7): message : or       'bool geo2d::Collide(geo2d::Segment,geo2d::Rectangle)'
D:\git\cppRepos\collide\collide\geo2d.h(63,7): message : or       'bool geo2d::Collide(geo2d::Segment,geo2d::Segment)'
D:\git\cppRepos\collide\collide\geo2d.h(62,7): message : or       'bool geo2d::Collide(geo2d::Segment,geo2d::Point)'
D:\git\cppRepos\collide\collide\geo2d.h(61,7): message : or       'bool geo2d::Collide(geo2d::Rectangle,geo2d::Circle)'
D:\git\cppRepos\collide\collide\geo2d.h(60,7): message : or       'bool geo2d::Collide(geo2d::Rectangle,geo2d::Rectangle)'
D:\git\cppRepos\collide\collide\geo2d.h(59,7): message : or       'bool geo2d::Collide(geo2d::Rectangle,geo2d::Segment)'
D:\git\cppRepos\collide\collide\geo2d.h(58,7): message : or       'bool geo2d::Collide(geo2d::Rectangle,geo2d::Point)'
D:\git\cppRepos\collide\collide\geo2d.h(57,7): message : or       'bool geo2d::Collide(geo2d::Point,geo2d::Circle)'
D:\git\cppRepos\collide\collide\geo2d.h(56,7): message : or       'bool geo2d::Collide(geo2d::Point,geo2d::Rectangle)'
D:\git\cppRepos\collide\collide\geo2d.h(55,7): message : or       'bool geo2d::Collide(geo2d::Point,geo2d::Segment)'
D:\git\cppRepos\collide\collide\geo2d.h(54,7): message : or       'bool geo2d::Collide(geo2d::Point,geo2d::Point)'
D:\git\cppRepos\collide\collide\collide.cpp(72,5): message : while trying to match the argument list '(_Ty2, _Ty2)'
          with
          [
              _Ty2=Building
          ]
          and
          [
              _Ty2=GameObject
          ]
D:\git\cppRepos\collide\collide\collide.cpp(73,5): error C2665: 'geo2d::Collide': none of the 17 overloads could convert all the argument types
D:\git\cppRepos\collide\collide\collide.cpp(36,6): message : could be 'bool Collide(const GameObject &,const GameObject &)'
D:\git\cppRepos\collide\collide\geo2d.h(69,7): message : or       'bool geo2d::Collide(geo2d::Circle,geo2d::Circle)'
D:\git\cppRepos\collide\collide\geo2d.h(68,7): message : or       'bool geo2d::Collide(geo2d::Circle,geo2d::Segment)'
D:\git\cppRepos\collide\collide\geo2d.h(67,7): message : or       'bool geo2d::Collide(geo2d::Circle,geo2d::Rectangle)'
D:\git\cppRepos\collide\collide\geo2d.h(66,7): message : or       'bool geo2d::Collide(geo2d::Circle,geo2d::Point)'
D:\git\cppRepos\collide\collide\geo2d.h(65,7): message : or       'bool geo2d::Collide(geo2d::Segment,geo2d::Circle)'
D:\git\cppRepos\collide\collide\geo2d.h(64,7): message : or       'bool geo2d::Collide(geo2d::Segment,geo2d::Rectangle)'
D:\git\cppRepos\collide\collide\geo2d.h(63,7): message : or       'bool geo2d::Collide(geo2d::Segment,geo2d::Segment)'
D:\git\cppRepos\collide\collide\geo2d.h(62,7): message : or       'bool geo2d::Collide(geo2d::Segment,geo2d::Point)'
D:\git\cppRepos\collide\collide\geo2d.h(61,7): message : or       'bool geo2d::Collide(geo2d::Rectangle,geo2d::Circle)'
D:\git\cppRepos\collide\collide\geo2d.h(60,7): message : or       'bool geo2d::Collide(geo2d::Rectangle,geo2d::Rectangle)'
D:\git\cppRepos\collide\collide\geo2d.h(59,7): message : or       'bool geo2d::Collide(geo2d::Rectangle,geo2d::Segment)'
D:\git\cppRepos\collide\collide\geo2d.h(58,7): message : or       'bool geo2d::Collide(geo2d::Rectangle,geo2d::Point)'
D:\git\cppRepos\collide\collide\geo2d.h(57,7): message : or       'bool geo2d::Collide(geo2d::Point,geo2d::Circle)'
D:\git\cppRepos\collide\collide\geo2d.h(56,7): message : or       'bool geo2d::Collide(geo2d::Point,geo2d::Rectangle)'
D:\git\cppRepos\collide\collide\geo2d.h(55,7): message : or       'bool geo2d::Collide(geo2d::Point,geo2d::Segment)'
D:\git\cppRepos\collide\collide\geo2d.h(54,7): message : or       'bool geo2d::Collide(geo2d::Point,geo2d::Point)'
D:\git\cppRepos\collide\collide\collide.cpp(73,5): message : while trying to match the argument list '(_Ty2, _Ty2)'
          with
          [
              _Ty2=Building
          ]
          and
          [
              _Ty2=GameObject
          ]
D:\git\cppRepos\collide\collide\collide.cpp(74,5): error C2665: 'geo2d::Collide': none of the 17 overloads could convert all the argument types
D:\git\cppRepos\collide\collide\collide.cpp(36,6): message : could be 'bool Collide(const GameObject &,const GameObject &)'
D:\git\cppRepos\collide\collide\geo2d.h(69,7): message : or       'bool geo2d::Collide(geo2d::Circle,geo2d::Circle)'
D:\git\cppRepos\collide\collide\geo2d.h(68,7): message : or       'bool geo2d::Collide(geo2d::Circle,geo2d::Segment)'
D:\git\cppRepos\collide\collide\geo2d.h(67,7): message : or       'bool geo2d::Collide(geo2d::Circle,geo2d::Rectangle)'
D:\git\cppRepos\collide\collide\geo2d.h(66,7): message : or       'bool geo2d::Collide(geo2d::Circle,geo2d::Point)'
D:\git\cppRepos\collide\collide\geo2d.h(65,7): message : or       'bool geo2d::Collide(geo2d::Segment,geo2d::Circle)'
D:\git\cppRepos\collide\collide\geo2d.h(64,7): message : or       'bool geo2d::Collide(geo2d::Segment,geo2d::Rectangle)'
D:\git\cppRepos\collide\collide\geo2d.h(63,7): message : or       'bool geo2d::Collide(geo2d::Segment,geo2d::Segment)'
D:\git\cppRepos\collide\collide\geo2d.h(62,7): message : or       'bool geo2d::Collide(geo2d::Segment,geo2d::Point)'
D:\git\cppRepos\collide\collide\geo2d.h(61,7): message : or       'bool geo2d::Collide(geo2d::Rectangle,geo2d::Circle)'
D:\git\cppRepos\collide\collide\geo2d.h(60,7): message : or       'bool geo2d::Collide(geo2d::Rectangle,geo2d::Rectangle)'
D:\git\cppRepos\collide\collide\geo2d.h(59,7): message : or       'bool geo2d::Collide(geo2d::Rectangle,geo2d::Segment)'
D:\git\cppRepos\collide\collide\geo2d.h(58,7): message : or       'bool geo2d::Collide(geo2d::Rectangle,geo2d::Point)'
D:\git\cppRepos\collide\collide\geo2d.h(57,7): message : or       'bool geo2d::Collide(geo2d::Point,geo2d::Circle)'
D:\git\cppRepos\collide\collide\geo2d.h(56,7): message : or       'bool geo2d::Collide(geo2d::Point,geo2d::Rectangle)'
D:\git\cppRepos\collide\collide\geo2d.h(55,7): message : or       'bool geo2d::Collide(geo2d::Point,geo2d::Segment)'
D:\git\cppRepos\collide\collide\geo2d.h(54,7): message : or       'bool geo2d::Collide(geo2d::Point,geo2d::Point)'
D:\git\cppRepos\collide\collide\collide.cpp(74,5): message : while trying to match the argument list '(_Ty2, _Ty2)'
          with
          [
              _Ty2=Building
          ]
          and
          [
              _Ty2=GameObject
          ]
D:\git\cppRepos\collide\collide\collide.cpp(75,5): error C2665: 'geo2d::Collide': none of the 17 overloads could convert all the argument types
D:\git\cppRepos\collide\collide\collide.cpp(36,6): message : could be 'bool Collide(const GameObject &,const GameObject &)'
D:\git\cppRepos\collide\collide\geo2d.h(69,7): message : or       'bool geo2d::Collide(geo2d::Circle,geo2d::Circle)'
D:\git\cppRepos\collide\collide\geo2d.h(68,7): message : or       'bool geo2d::Collide(geo2d::Circle,geo2d::Segment)'
D:\git\cppRepos\collide\collide\geo2d.h(67,7): message : or       'bool geo2d::Collide(geo2d::Circle,geo2d::Rectangle)'
D:\git\cppRepos\collide\collide\geo2d.h(66,7): message : or       'bool geo2d::Collide(geo2d::Circle,geo2d::Point)'
D:\git\cppRepos\collide\collide\geo2d.h(65,7): message : or       'bool geo2d::Collide(geo2d::Segment,geo2d::Circle)'
D:\git\cppRepos\collide\collide\geo2d.h(64,7): message : or       'bool geo2d::Collide(geo2d::Segment,geo2d::Rectangle)'
D:\git\cppRepos\collide\collide\geo2d.h(63,7): message : or       'bool geo2d::Collide(geo2d::Segment,geo2d::Segment)'
D:\git\cppRepos\collide\collide\geo2d.h(62,7): message : or       'bool geo2d::Collide(geo2d::Segment,geo2d::Point)'
D:\git\cppRepos\collide\collide\geo2d.h(61,7): message : or       'bool geo2d::Collide(geo2d::Rectangle,geo2d::Circle)'
D:\git\cppRepos\collide\collide\geo2d.h(60,7): message : or       'bool geo2d::Collide(geo2d::Rectangle,geo2d::Rectangle)'
D:\git\cppRepos\collide\collide\geo2d.h(59,7): message : or       'bool geo2d::Collide(geo2d::Rectangle,geo2d::Segment)'
D:\git\cppRepos\collide\collide\geo2d.h(58,7): message : or       'bool geo2d::Collide(geo2d::Rectangle,geo2d::Point)'
D:\git\cppRepos\collide\collide\geo2d.h(57,7): message : or       'bool geo2d::Collide(geo2d::Point,geo2d::Circle)'
D:\git\cppRepos\collide\collide\geo2d.h(56,7): message : or       'bool geo2d::Collide(geo2d::Point,geo2d::Rectangle)'
D:\git\cppRepos\collide\collide\geo2d.h(55,7): message : or       'bool geo2d::Collide(geo2d::Point,geo2d::Segment)'
D:\git\cppRepos\collide\collide\geo2d.h(54,7): message : or       'bool geo2d::Collide(geo2d::Point,geo2d::Point)'
D:\git\cppRepos\collide\collide\collide.cpp(75,5): message : while trying to match the argument list '(_Ty2, _Ty2)'
          with
          [
              _Ty2=Building
          ]
          and
          [
              _Ty2=GameObject
          ]
D:\git\cppRepos\collide\collide\collide.cpp(76,5): error C2665: 'geo2d::Collide': none of the 17 overloads could convert all the argument types
D:\git\cppRepos\collide\collide\collide.cpp(36,6): message : could be 'bool Collide(const GameObject &,const GameObject &)'
D:\git\cppRepos\collide\collide\geo2d.h(69,7): message : or       'bool geo2d::Collide(geo2d::Circle,geo2d::Circle)'
D:\git\cppRepos\collide\collide\geo2d.h(68,7): message : or       'bool geo2d::Collide(geo2d::Circle,geo2d::Segment)'
D:\git\cppRepos\collide\collide\geo2d.h(67,7): message : or       'bool geo2d::Collide(geo2d::Circle,geo2d::Rectangle)'
D:\git\cppRepos\collide\collide\geo2d.h(66,7): message : or       'bool geo2d::Collide(geo2d::Circle,geo2d::Point)'
D:\git\cppRepos\collide\collide\geo2d.h(65,7): message : or       'bool geo2d::Collide(geo2d::Segment,geo2d::Circle)'
D:\git\cppRepos\collide\collide\geo2d.h(64,7): message : or       'bool geo2d::Collide(geo2d::Segment,geo2d::Rectangle)'
D:\git\cppRepos\collide\collide\geo2d.h(63,7): message : or       'bool geo2d::Collide(geo2d::Segment,geo2d::Segment)'
D:\git\cppRepos\collide\collide\geo2d.h(62,7): message : or       'bool geo2d::Collide(geo2d::Segment,geo2d::Point)'
D:\git\cppRepos\collide\collide\geo2d.h(61,7): message : or       'bool geo2d::Collide(geo2d::Rectangle,geo2d::Circle)'
D:\git\cppRepos\collide\collide\geo2d.h(60,7): message : or       'bool geo2d::Collide(geo2d::Rectangle,geo2d::Rectangle)'
D:\git\cppRepos\collide\collide\geo2d.h(59,7): message : or       'bool geo2d::Collide(geo2d::Rectangle,geo2d::Segment)'
D:\git\cppRepos\collide\collide\geo2d.h(58,7): message : or       'bool geo2d::Collide(geo2d::Rectangle,geo2d::Point)'
D:\git\cppRepos\collide\collide\geo2d.h(57,7): message : or       'bool geo2d::Collide(geo2d::Point,geo2d::Circle)'
D:\git\cppRepos\collide\collide\geo2d.h(56,7): message : or       'bool geo2d::Collide(geo2d::Point,geo2d::Rectangle)'
D:\git\cppRepos\collide\collide\geo2d.h(55,7): message : or       'bool geo2d::Collide(geo2d::Point,geo2d::Segment)'
D:\git\cppRepos\collide\collide\geo2d.h(54,7): message : or       'bool geo2d::Collide(geo2d::Point,geo2d::Point)'
D:\git\cppRepos\collide\collide\collide.cpp(76,5): message : while trying to match the argument list '(_Ty2, _Ty2)'
          with
          [
              _Ty2=Building
          ]
          and
          [
              _Ty2=GameObject
          ]
D:\git\cppRepos\collide\collide\collide.cpp(79,5): error C2665: 'geo2d::Collide': none of the 17 overloads could convert all the argument types
D:\git\cppRepos\collide\collide\collide.cpp(36,6): message : could be 'bool Collide(const GameObject &,const GameObject &)'
D:\git\cppRepos\collide\collide\geo2d.h(69,7): message : or       'bool geo2d::Collide(geo2d::Circle,geo2d::Circle)'
D:\git\cppRepos\collide\collide\geo2d.h(68,7): message : or       'bool geo2d::Collide(geo2d::Circle,geo2d::Segment)'
D:\git\cppRepos\collide\collide\geo2d.h(67,7): message : or       'bool geo2d::Collide(geo2d::Circle,geo2d::Rectangle)'
D:\git\cppRepos\collide\collide\geo2d.h(66,7): message : or       'bool geo2d::Collide(geo2d::Circle,geo2d::Point)'
D:\git\cppRepos\collide\collide\geo2d.h(65,7): message : or       'bool geo2d::Collide(geo2d::Segment,geo2d::Circle)'
D:\git\cppRepos\collide\collide\geo2d.h(64,7): message : or       'bool geo2d::Collide(geo2d::Segment,geo2d::Rectangle)'
D:\git\cppRepos\collide\collide\geo2d.h(63,7): message : or       'bool geo2d::Collide(geo2d::Segment,geo2d::Segment)'
D:\git\cppRepos\collide\collide\geo2d.h(62,7): message : or       'bool geo2d::Collide(geo2d::Segment,geo2d::Point)'
D:\git\cppRepos\collide\collide\geo2d.h(61,7): message : or       'bool geo2d::Collide(geo2d::Rectangle,geo2d::Circle)'
D:\git\cppRepos\collide\collide\geo2d.h(60,7): message : or       'bool geo2d::Collide(geo2d::Rectangle,geo2d::Rectangle)'
D:\git\cppRepos\collide\collide\geo2d.h(59,7): message : or       'bool geo2d::Collide(geo2d::Rectangle,geo2d::Segment)'
D:\git\cppRepos\collide\collide\geo2d.h(58,7): message : or       'bool geo2d::Collide(geo2d::Rectangle,geo2d::Point)'
D:\git\cppRepos\collide\collide\geo2d.h(57,7): message : or       'bool geo2d::Collide(geo2d::Point,geo2d::Circle)'
D:\git\cppRepos\collide\collide\geo2d.h(56,7): message : or       'bool geo2d::Collide(geo2d::Point,geo2d::Rectangle)'
D:\git\cppRepos\collide\collide\geo2d.h(55,7): message : or       'bool geo2d::Collide(geo2d::Point,geo2d::Segment)'
D:\git\cppRepos\collide\collide\geo2d.h(54,7): message : or       'bool geo2d::Collide(geo2d::Point,geo2d::Point)'
D:\git\cppRepos\collide\collide\collide.cpp(79,5): message : while trying to match the argument list '(_Ty2, _Ty2)'
          with
          [
              _Ty2=Tower
          ]
          and
          [
              _Ty2=GameObject
          ]
D:\git\cppRepos\collide\collide\collide.cpp(80,5): error C2665: 'geo2d::Collide': none of the 17 overloads could convert all the argument types
D:\git\cppRepos\collide\collide\collide.cpp(36,6): message : could be 'bool Collide(const GameObject &,const GameObject &)'
D:\git\cppRepos\collide\collide\geo2d.h(69,7): message : or       'bool geo2d::Collide(geo2d::Circle,geo2d::Circle)'
D:\git\cppRepos\collide\collide\geo2d.h(68,7): message : or       'bool geo2d::Collide(geo2d::Circle,geo2d::Segment)'
D:\git\cppRepos\collide\collide\geo2d.h(67,7): message : or       'bool geo2d::Collide(geo2d::Circle,geo2d::Rectangle)'
D:\git\cppRepos\collide\collide\geo2d.h(66,7): message : or       'bool geo2d::Collide(geo2d::Circle,geo2d::Point)'
D:\git\cppRepos\collide\collide\geo2d.h(65,7): message : or       'bool geo2d::Collide(geo2d::Segment,geo2d::Circle)'
D:\git\cppRepos\collide\collide\geo2d.h(64,7): message : or       'bool geo2d::Collide(geo2d::Segment,geo2d::Rectangle)'
D:\git\cppRepos\collide\collide\geo2d.h(63,7): message : or       'bool geo2d::Collide(geo2d::Segment,geo2d::Segment)'
D:\git\cppRepos\collide\collide\geo2d.h(62,7): message : or       'bool geo2d::Collide(geo2d::Segment,geo2d::Point)'
D:\git\cppRepos\collide\collide\geo2d.h(61,7): message : or       'bool geo2d::Collide(geo2d::Rectangle,geo2d::Circle)'
D:\git\cppRepos\collide\collide\geo2d.h(60,7): message : or       'bool geo2d::Collide(geo2d::Rectangle,geo2d::Rectangle)'
D:\git\cppRepos\collide\collide\geo2d.h(59,7): message : or       'bool geo2d::Collide(geo2d::Rectangle,geo2d::Segment)'
D:\git\cppRepos\collide\collide\geo2d.h(58,7): message : or       'bool geo2d::Collide(geo2d::Rectangle,geo2d::Point)'
D:\git\cppRepos\collide\collide\geo2d.h(57,7): message : or       'bool geo2d::Collide(geo2d::Point,geo2d::Circle)'
D:\git\cppRepos\collide\collide\geo2d.h(56,7): message : or       'bool geo2d::Collide(geo2d::Point,geo2d::Rectangle)'
D:\git\cppRepos\collide\collide\geo2d.h(55,7): message : or       'bool geo2d::Collide(geo2d::Point,geo2d::Segment)'
D:\git\cppRepos\collide\collide\geo2d.h(54,7): message : or       'bool geo2d::Collide(geo2d::Point,geo2d::Point)'
D:\git\cppRepos\collide\collide\collide.cpp(80,5): message : while trying to match the argument list '(_Ty2, _Ty2)'
          with
          [
              _Ty2=Tower
          ]
          and
          [
              _Ty2=GameObject
          ]
D:\git\cppRepos\collide\collide\collide.cpp(81,5): error C2665: 'geo2d::Collide': none of the 17 overloads could convert all the argument types
D:\git\cppRepos\collide\collide\collide.cpp(36,6): message : could be 'bool Collide(const GameObject &,const GameObject &)'
D:\git\cppRepos\collide\collide\geo2d.h(69,7): message : or       'bool geo2d::Collide(geo2d::Circle,geo2d::Circle)'
D:\git\cppRepos\collide\collide\geo2d.h(68,7): message : or       'bool geo2d::Collide(geo2d::Circle,geo2d::Segment)'
D:\git\cppRepos\collide\collide\geo2d.h(67,7): message : or       'bool geo2d::Collide(geo2d::Circle,geo2d::Rectangle)'
D:\git\cppRepos\collide\collide\geo2d.h(66,7): message : or       'bool geo2d::Collide(geo2d::Circle,geo2d::Point)'
D:\git\cppRepos\collide\collide\geo2d.h(65,7): message : or       'bool geo2d::Collide(geo2d::Segment,geo2d::Circle)'
D:\git\cppRepos\collide\collide\geo2d.h(64,7): message : or       'bool geo2d::Collide(geo2d::Segment,geo2d::Rectangle)'
D:\git\cppRepos\collide\collide\geo2d.h(63,7): message : or       'bool geo2d::Collide(geo2d::Segment,geo2d::Segment)'
D:\git\cppRepos\collide\collide\geo2d.h(62,7): message : or       'bool geo2d::Collide(geo2d::Segment,geo2d::Point)'
D:\git\cppRepos\collide\collide\geo2d.h(61,7): message : or       'bool geo2d::Collide(geo2d::Rectangle,geo2d::Circle)'
D:\git\cppRepos\collide\collide\geo2d.h(60,7): message : or       'bool geo2d::Collide(geo2d::Rectangle,geo2d::Rectangle)'
D:\git\cppRepos\collide\collide\geo2d.h(59,7): message : or       'bool geo2d::Collide(geo2d::Rectangle,geo2d::Segment)'
D:\git\cppRepos\collide\collide\geo2d.h(58,7): message : or       'bool geo2d::Collide(geo2d::Rectangle,geo2d::Point)'
D:\git\cppRepos\collide\collide\geo2d.h(57,7): message : or       'bool geo2d::Collide(geo2d::Point,geo2d::Circle)'
D:\git\cppRepos\collide\collide\geo2d.h(56,7): message : or       'bool geo2d::Collide(geo2d::Point,geo2d::Rectangle)'
D:\git\cppRepos\collide\collide\geo2d.h(55,7): message : or       'bool geo2d::Collide(geo2d::Point,geo2d::Segment)'
D:\git\cppRepos\collide\collide\geo2d.h(54,7): message : or       'bool geo2d::Collide(geo2d::Point,geo2d::Point)'
D:\git\cppRepos\collide\collide\collide.cpp(81,5): message : while trying to match the argument list '(_Ty2, _Ty2)'
          with
          [
              _Ty2=Tower
          ]
          and
          [
              _Ty2=GameObject
          ]
D:\git\cppRepos\collide\collide\collide.cpp(82,5): error C2665: 'geo2d::Collide': none of the 17 overloads could convert all the argument types
D:\git\cppRepos\collide\collide\collide.cpp(36,6): message : could be 'bool Collide(const GameObject &,const GameObject &)'
D:\git\cppRepos\collide\collide\geo2d.h(69,7): message : or       'bool geo2d::Collide(geo2d::Circle,geo2d::Circle)'
D:\git\cppRepos\collide\collide\geo2d.h(68,7): message : or       'bool geo2d::Collide(geo2d::Circle,geo2d::Segment)'
D:\git\cppRepos\collide\collide\geo2d.h(67,7): message : or       'bool geo2d::Collide(geo2d::Circle,geo2d::Rectangle)'
D:\git\cppRepos\collide\collide\geo2d.h(66,7): message : or       'bool geo2d::Collide(geo2d::Circle,geo2d::Point)'
D:\git\cppRepos\collide\collide\geo2d.h(65,7): message : or       'bool geo2d::Collide(geo2d::Segment,geo2d::Circle)'
D:\git\cppRepos\collide\collide\geo2d.h(64,7): message : or       'bool geo2d::Collide(geo2d::Segment,geo2d::Rectangle)'
D:\git\cppRepos\collide\collide\geo2d.h(63,7): message : or       'bool geo2d::Collide(geo2d::Segment,geo2d::Segment)'
D:\git\cppRepos\collide\collide\geo2d.h(62,7): message : or       'bool geo2d::Collide(geo2d::Segment,geo2d::Point)'
D:\git\cppRepos\collide\collide\geo2d.h(61,7): message : or       'bool geo2d::Collide(geo2d::Rectangle,geo2d::Circle)'
D:\git\cppRepos\collide\collide\geo2d.h(60,7): message : or       'bool geo2d::Collide(geo2d::Rectangle,geo2d::Rectangle)'
D:\git\cppRepos\collide\collide\geo2d.h(59,7): message : or       'bool geo2d::Collide(geo2d::Rectangle,geo2d::Segment)'
D:\git\cppRepos\collide\collide\geo2d.h(58,7): message : or       'bool geo2d::Collide(geo2d::Rectangle,geo2d::Point)'
D:\git\cppRepos\collide\collide\geo2d.h(57,7): message : or       'bool geo2d::Collide(geo2d::Point,geo2d::Circle)'
D:\git\cppRepos\collide\collide\geo2d.h(56,7): message : or       'bool geo2d::Collide(geo2d::Point,geo2d::Rectangle)'
D:\git\cppRepos\collide\collide\geo2d.h(55,7): message : or       'bool geo2d::Collide(geo2d::Point,geo2d::Segment)'
D:\git\cppRepos\collide\collide\geo2d.h(54,7): message : or       'bool geo2d::Collide(geo2d::Point,geo2d::Point)'
D:\git\cppRepos\collide\collide\collide.cpp(82,5): message : while trying to match the argument list '(_Ty2, _Ty2)'
          with
          [
              _Ty2=Tower
          ]
          and
          [
              _Ty2=GameObject
          ]
D:\git\cppRepos\collide\collide\collide.cpp(83,5): error C2665: 'geo2d::Collide': none of the 17 overloads could convert all the argument types
D:\git\cppRepos\collide\collide\collide.cpp(36,6): message : could be 'bool Collide(const GameObject &,const GameObject &)'
D:\git\cppRepos\collide\collide\geo2d.h(69,7): message : or       'bool geo2d::Collide(geo2d::Circle,geo2d::Circle)'
D:\git\cppRepos\collide\collide\geo2d.h(68,7): message : or       'bool geo2d::Collide(geo2d::Circle,geo2d::Segment)'
D:\git\cppRepos\collide\collide\geo2d.h(67,7): message : or       'bool geo2d::Collide(geo2d::Circle,geo2d::Rectangle)'
D:\git\cppRepos\collide\collide\geo2d.h(66,7): message : or       'bool geo2d::Collide(geo2d::Circle,geo2d::Point)'
D:\git\cppRepos\collide\collide\geo2d.h(65,7): message : or       'bool geo2d::Collide(geo2d::Segment,geo2d::Circle)'
D:\git\cppRepos\collide\collide\geo2d.h(64,7): message : or       'bool geo2d::Collide(geo2d::Segment,geo2d::Rectangle)'
D:\git\cppRepos\collide\collide\geo2d.h(63,7): message : or       'bool geo2d::Collide(geo2d::Segment,geo2d::Segment)'
D:\git\cppRepos\collide\collide\geo2d.h(62,7): message : or       'bool geo2d::Collide(geo2d::Segment,geo2d::Point)'
D:\git\cppRepos\collide\collide\geo2d.h(61,7): message : or       'bool geo2d::Collide(geo2d::Rectangle,geo2d::Circle)'
D:\git\cppRepos\collide\collide\geo2d.h(60,7): message : or       'bool geo2d::Collide(geo2d::Rectangle,geo2d::Rectangle)'
D:\git\cppRepos\collide\collide\geo2d.h(59,7): message : or       'bool geo2d::Collide(geo2d::Rectangle,geo2d::Segment)'
D:\git\cppRepos\collide\collide\geo2d.h(58,7): message : or       'bool geo2d::Collide(geo2d::Rectangle,geo2d::Point)'
D:\git\cppRepos\collide\collide\geo2d.h(57,7): message : or       'bool geo2d::Collide(geo2d::Point,geo2d::Circle)'
D:\git\cppRepos\collide\collide\geo2d.h(56,7): message : or       'bool geo2d::Collide(geo2d::Point,geo2d::Rectangle)'
D:\git\cppRepos\collide\collide\geo2d.h(55,7): message : or       'bool geo2d::Collide(geo2d::Point,geo2d::Segment)'
D:\git\cppRepos\collide\collide\geo2d.h(54,7): message : or       'bool geo2d::Collide(geo2d::Point,geo2d::Point)'
D:\git\cppRepos\collide\collide\collide.cpp(83,5): message : while trying to match the argument list '(_Ty2, _Ty2)'
          with
          [
              _Ty2=Tower
          ]
          and
          [
              _Ty2=GameObject
          ]
D:\git\cppRepos\collide\collide\collide.cpp(84,5): error C2665: 'geo2d::Collide': none of the 17 overloads could convert all the argument types
D:\git\cppRepos\collide\collide\collide.cpp(36,6): message : could be 'bool Collide(const GameObject &,const GameObject &)'
D:\git\cppRepos\collide\collide\geo2d.h(69,7): message : or       'bool geo2d::Collide(geo2d::Circle,geo2d::Circle)'
D:\git\cppRepos\collide\collide\geo2d.h(68,7): message : or       'bool geo2d::Collide(geo2d::Circle,geo2d::Segment)'
D:\git\cppRepos\collide\collide\geo2d.h(67,7): message : or       'bool geo2d::Collide(geo2d::Circle,geo2d::Rectangle)'
D:\git\cppRepos\collide\collide\geo2d.h(66,7): message : or       'bool geo2d::Collide(geo2d::Circle,geo2d::Point)'
D:\git\cppRepos\collide\collide\geo2d.h(65,7): message : or       'bool geo2d::Collide(geo2d::Segment,geo2d::Circle)'
D:\git\cppRepos\collide\collide\geo2d.h(64,7): message : or       'bool geo2d::Collide(geo2d::Segment,geo2d::Rectangle)'
D:\git\cppRepos\collide\collide\geo2d.h(63,7): message : or       'bool geo2d::Collide(geo2d::Segment,geo2d::Segment)'
D:\git\cppRepos\collide\collide\geo2d.h(62,7): message : or       'bool geo2d::Collide(geo2d::Segment,geo2d::Point)'
D:\git\cppRepos\collide\collide\geo2d.h(61,7): message : or       'bool geo2d::Collide(geo2d::Rectangle,geo2d::Circle)'
D:\git\cppRepos\collide\collide\geo2d.h(60,7): message : or       'bool geo2d::Collide(geo2d::Rectangle,geo2d::Rectangle)'
D:\git\cppRepos\collide\collide\geo2d.h(59,7): message : or       'bool geo2d::Collide(geo2d::Rectangle,geo2d::Segment)'
D:\git\cppRepos\collide\collide\geo2d.h(58,7): message : or       'bool geo2d::Collide(geo2d::Rectangle,geo2d::Point)'
D:\git\cppRepos\collide\collide\geo2d.h(57,7): message : or       'bool geo2d::Collide(geo2d::Point,geo2d::Circle)'
D:\git\cppRepos\collide\collide\geo2d.h(56,7): message : or       'bool geo2d::Collide(geo2d::Point,geo2d::Rectangle)'
D:\git\cppRepos\collide\collide\geo2d.h(55,7): message : or       'bool geo2d::Collide(geo2d::Point,geo2d::Segment)'
D:\git\cppRepos\collide\collide\geo2d.h(54,7): message : or       'bool geo2d::Collide(geo2d::Point,geo2d::Point)'
D:\git\cppRepos\collide\collide\collide.cpp(84,5): message : while trying to match the argument list '(_Ty2, _Ty2)'
          with
          [
              _Ty2=Tower
          ]
          and
          [
              _Ty2=GameObject
          ]
D:\git\cppRepos\collide\collide\collide.cpp(85,5): error C2665: 'geo2d::Collide': none of the 17 overloads could convert all the argument types
D:\git\cppRepos\collide\collide\collide.cpp(36,6): message : could be 'bool Collide(const GameObject &,const GameObject &)'
D:\git\cppRepos\collide\collide\geo2d.h(69,7): message : or       'bool geo2d::Collide(geo2d::Circle,geo2d::Circle)'
D:\git\cppRepos\collide\collide\geo2d.h(68,7): message : or       'bool geo2d::Collide(geo2d::Circle,geo2d::Segment)'
D:\git\cppRepos\collide\collide\geo2d.h(67,7): message : or       'bool geo2d::Collide(geo2d::Circle,geo2d::Rectangle)'
D:\git\cppRepos\collide\collide\geo2d.h(66,7): message : or       'bool geo2d::Collide(geo2d::Circle,geo2d::Point)'
D:\git\cppRepos\collide\collide\geo2d.h(65,7): message : or       'bool geo2d::Collide(geo2d::Segment,geo2d::Circle)'
D:\git\cppRepos\collide\collide\geo2d.h(64,7): message : or       'bool geo2d::Collide(geo2d::Segment,geo2d::Rectangle)'
D:\git\cppRepos\collide\collide\geo2d.h(63,7): message : or       'bool geo2d::Collide(geo2d::Segment,geo2d::Segment)'
D:\git\cppRepos\collide\collide\geo2d.h(62,7): message : or       'bool geo2d::Collide(geo2d::Segment,geo2d::Point)'
D:\git\cppRepos\collide\collide\geo2d.h(61,7): message : or       'bool geo2d::Collide(geo2d::Rectangle,geo2d::Circle)'
D:\git\cppRepos\collide\collide\geo2d.h(60,7): message : or       'bool geo2d::Collide(geo2d::Rectangle,geo2d::Rectangle)'
D:\git\cppRepos\collide\collide\geo2d.h(59,7): message : or       'bool geo2d::Collide(geo2d::Rectangle,geo2d::Segment)'
D:\git\cppRepos\collide\collide\geo2d.h(58,7): message : or       'bool geo2d::Collide(geo2d::Rectangle,geo2d::Point)'
D:\git\cppRepos\collide\collide\geo2d.h(57,7): message : or       'bool geo2d::Collide(geo2d::Point,geo2d::Circle)'
D:\git\cppRepos\collide\collide\geo2d.h(56,7): message : or       'bool geo2d::Collide(geo2d::Point,geo2d::Rectangle)'
D:\git\cppRepos\collide\collide\geo2d.h(55,7): message : or       'bool geo2d::Collide(geo2d::Point,geo2d::Segment)'
D:\git\cppRepos\collide\collide\geo2d.h(54,7): message : or       'bool geo2d::Collide(geo2d::Point,geo2d::Point)'
D:\git\cppRepos\collide\collide\collide.cpp(85,5): message : while trying to match the argument list '(_Ty2, _Ty2)'
          with
          [
              _Ty2=Tower
          ]
          and
          [
              _Ty2=GameObject
          ]
  geo2d.cpp
  Generating Code...
