  xml.cpp
  The contents of <string_view> are available only with C++17 or later.
D:\git\cppRepos\xml2json\xml2json\xml.cpp(9,10): error C2065: 'string_view': undeclared identifier
D:\git\cppRepos\xml2json\xml2json\xml.cpp(9,23): error C2065: 'string_view': undeclared identifier
D:\git\cppRepos\xml2json\xml2json\xml.cpp(9,5): error C2923: 'std::pair': 'string_view' is not a valid template type argument for parameter '_Ty1'
D:\git\cppRepos\xml2json\xml2json\xml.cpp(9,5): error C2923: 'std::pair': 'string_view' is not a valid template type argument for parameter '_Ty2'
D:\git\cppRepos\xml2json\xml2json\xml.cpp(9,42): error C2065: 'string_view': undeclared identifier
D:\git\cppRepos\xml2json\xml2json\xml.cpp(9,54): error C2146: syntax error: missing ')' before identifier 'line'
D:\git\cppRepos\xml2json\xml2json\xml.cpp(9,69): error C2143: syntax error: missing ';' before '{'
D:\git\cppRepos\xml2json\xml2json\xml.cpp(9,69): error C2447: '{': missing function header (old-style formal list?)
D:\git\cppRepos\xml2json\xml2json\xml.cpp(21,23): error C4430: missing type specifier - int assumed. Note: C++ does not support default-int
D:\git\cppRepos\xml2json\xml2json\xml.cpp(21,17): error C2146: syntax error: missing ';' before identifier 'Lstrip'
D:\git\cppRepos\xml2json\xml2json\xml.cpp(21,42): error C2143: syntax error: missing ';' before '{'
D:\git\cppRepos\xml2json\xml2json\xml.cpp(21,42): error C2447: '{': missing function header (old-style formal list?)
D:\git\cppRepos\xml2json\xml2json\xml.cpp(28,24): error C4430: missing type specifier - int assumed. Note: C++ does not support default-int
D:\git\cppRepos\xml2json\xml2json\xml.cpp(28,5): error C2086: 'int Xml::string_view': redefinition
D:\git\cppRepos\xml2json\xml2json\xml.cpp(21): message : see declaration of 'Xml::string_view'
D:\git\cppRepos\xml2json\xml2json\xml.cpp(28,17): error C2146: syntax error: missing ';' before identifier 'Unquote'
D:\git\cppRepos\xml2json\xml2json\xml.cpp(28,44): error C2143: syntax error: missing ';' before '{'
D:\git\cppRepos\xml2json\xml2json\xml.cpp(28,44): error C2447: '{': missing function header (old-style formal list?)
D:\git\cppRepos\xml2json\xml2json\xml.cpp(44,45): error C3861: 'Lstrip': identifier not found
D:\git\cppRepos\xml2json\xml2json\xml.cpp(44,39): error C3861: 'Split': identifier not found
D:\git\cppRepos\xml2json\xml2json\xml.cpp(44,19): error C2429: language feature 'structured bindings' requires compiler flag '/std:c++17'
D:\git\cppRepos\xml2json\xml2json\xml.cpp(45,21): error C3861: 'Split': identifier not found
D:\git\cppRepos\xml2json\xml2json\xml.cpp(48,37): error C3861: 'Split': identifier not found
D:\git\cppRepos\xml2json\xml2json\xml.cpp(48,23): error C2429: language feature 'structured bindings' requires compiler flag '/std:c++17'
D:\git\cppRepos\xml2json\xml2json\xml.cpp(49,38): error C3861: 'Split': identifier not found
D:\git\cppRepos\xml2json\xml2json\xml.cpp(49,23): error C2429: language feature 'structured bindings' requires compiler flag '/std:c++17'
D:\git\cppRepos\xml2json\xml2json\xml.cpp(51,39): error C3861: 'Unquote': identifier not found
D:\git\cppRepos\xml2json\xml2json\xml.cpp(51,64): error C3861: 'Unquote': identifier not found
  xml2json.cpp
  The contents of <string_view> are available only with C++17 or later.
  Generating Code...
